<?xml version="1.0" encoding="UTF-8"?>
<!-- Generated by org.testng.reporters.JUnitXMLReporter -->
<testsuite hostname="DESKTOP-RKQETD7" ignored="0" name="Functional" tests="1" failures="1" timestamp="02 Aug 2020 16:14:44 GMT" time="16.078" errors="0">
  <testcase name="TestingNinjaTest1" time="8.501" classname="TestCases.TestingNinjaTestCase">
    <failure type="org.openqa.selenium.InvalidSelectorException" message="invalid selector: Unable to locate an element with the xpath expression By.xpath: //img[@title=&amp;apos;MacBook Air&amp;apos;]/ancestor::a[1]/ancestor::div[1]/ancestor::div[1]/descendant::div[2]/descendant::div[2]/descendant::button[1] because of the following error:
SyntaxError: Failed to execute &amp;apos;evaluate&amp;apos; on &amp;apos;Document&amp;apos;: The string &amp;apos;By.xpath: //img[@title=&amp;apos;MacBook Air&amp;apos;]/ancestor::a[1]/ancestor::div[1]/ancestor::div[1]/descendant::div[2]/descendant::div[2]/descendant::button[1]&amp;apos; is not a valid XPath expression.
  (Session info: chrome=84.0.4147.105)
For documentation on this error, please visit: http://seleniumhq.org/exceptions/invalid_selector_exception.html
Build info: version: &amp;apos;3.11.0&amp;apos;, revision: &amp;apos;e59cfb3&amp;apos;, time: &amp;apos;2018-03-11T20:26:55.152Z&amp;apos;
System info: host: &amp;apos;DESKTOP-RKQETD7&amp;apos;, ip: &amp;apos;192.168.0.4&amp;apos;, os.name: &amp;apos;Windows 10&amp;apos;, os.arch: &amp;apos;amd64&amp;apos;, os.version: &amp;apos;10.0&amp;apos;, java.version: &amp;apos;1.8.0_251&amp;apos;
Driver info: org.openqa.selenium.chrome.ChromeDriver
Capabilities {acceptInsecureCerts: false, browserName: chrome, browserVersion: 84.0.4147.105, chrome: {chromedriverVersion: 84.0.4147.30 (48b3e868b4cc0..., userDataDir: C:\Users\User\AppData\Local...}, goog:chromeOptions: {debuggerAddress: localhost:54063}, javascriptEnabled: true, networkConnectionEnabled: false, pageLoadStrategy: normal, platform: WINDOWS, platformName: WINDOWS, proxy: Proxy(), setWindowRect: true, strictFileInteractability: false, timeouts: {implicit: 0, pageLoad: 300000, script: 30000}, unhandledPromptBehavior: dismiss and notify, webauthn:virtualAuthenticators: true}
Session ID: 45b2fe59b9f84ab9ce13a1e83f53ddd8
*** Element info: {Using=xpath, value=By.xpath: //img[@title=&amp;apos;MacBook Air&amp;apos;]/ancestor::a[1]/ancestor::div[1]/ancestor::div[1]/descendant::div[2]/descendant::div[2]/descendant::button[1]}">
      <![CDATA[org.openqa.selenium.InvalidSelectorException: invalid selector: Unable to locate an element with the xpath expression By.xpath: //img[@title='MacBook Air']/ancestor::a[1]/ancestor::div[1]/ancestor::div[1]/descendant::div[2]/descendant::div[2]/descendant::button[1] because of the following error:
SyntaxError: Failed to execute 'evaluate' on 'Document': The string 'By.xpath: //img[@title='MacBook Air']/ancestor::a[1]/ancestor::div[1]/ancestor::div[1]/descendant::div[2]/descendant::div[2]/descendant::button[1]' is not a valid XPath expression.
  (Session info: chrome=84.0.4147.105)
For documentation on this error, please visit: http://seleniumhq.org/exceptions/invalid_selector_exception.html
Build info: version: '3.11.0', revision: 'e59cfb3', time: '2018-03-11T20:26:55.152Z'
System info: host: 'DESKTOP-RKQETD7', ip: '192.168.0.4', os.name: 'Windows 10', os.arch: 'amd64', os.version: '10.0', java.version: '1.8.0_251'
Driver info: org.openqa.selenium.chrome.ChromeDriver
Capabilities {acceptInsecureCerts: false, browserName: chrome, browserVersion: 84.0.4147.105, chrome: {chromedriverVersion: 84.0.4147.30 (48b3e868b4cc0..., userDataDir: C:\Users\User\AppData\Local...}, goog:chromeOptions: {debuggerAddress: localhost:54063}, javascriptEnabled: true, networkConnectionEnabled: false, pageLoadStrategy: normal, platform: WINDOWS, platformName: WINDOWS, proxy: Proxy(), setWindowRect: true, strictFileInteractability: false, timeouts: {implicit: 0, pageLoad: 300000, script: 30000}, unhandledPromptBehavior: dismiss and notify, webauthn:virtualAuthenticators: true}
Session ID: 45b2fe59b9f84ab9ce13a1e83f53ddd8
*** Element info: {Using=xpath, value=By.xpath: //img[@title='MacBook Air']/ancestor::a[1]/ancestor::div[1]/ancestor::div[1]/descendant::div[2]/descendant::div[2]/descendant::button[1]}
at org.openqa.selenium.remote.http.W3CHttpResponseCodec.createException(W3CHttpResponseCodec.java:187)
at org.openqa.selenium.remote.http.W3CHttpResponseCodec.decode(W3CHttpResponseCodec.java:122)
at org.openqa.selenium.remote.http.W3CHttpResponseCodec.decode(W3CHttpResponseCodec.java:49)
at org.openqa.selenium.remote.HttpCommandExecutor.execute(HttpCommandExecutor.java:158)
at org.openqa.selenium.remote.service.DriverCommandExecutor.execute(DriverCommandExecutor.java:83)
at org.openqa.selenium.remote.RemoteWebDriver.execute(RemoteWebDriver.java:545)
at org.openqa.selenium.remote.RemoteWebDriver.findElements(RemoteWebDriver.java:346)
at org.openqa.selenium.remote.RemoteWebDriver.findElementsByXPath(RemoteWebDriver.java:425)
at org.openqa.selenium.By$ByXPath.findElements(By.java:356)
at org.openqa.selenium.remote.RemoteWebDriver.findElements(RemoteWebDriver.java:307)
at CommonLIB.GetBrowserElement.getWebElementByXpath(GetBrowserElement.java:84)
at PageWiseLIB.TestingNinjaLIB.SelectNinjaProduct(TestingNinjaLIB.java:37)
at TestCases.TestingNinjaTestCase.TestingNinjaTest1(TestingNinjaTestCase.java:24)
... Removed 29 stack frames]]>
    </failure>
  </testcase> <!-- TestingNinjaTest1 -->
</testsuite> <!-- Functional -->
